<?xml version="1.0" encoding="UTF-8"?>
<!-- Generated by org.testng.reporters.JUnitReportReporter -->
<testsuite hostname="LAPTOP-C5C6MGTC" failures="0" tests="5" name="testCases.TC103_LoginDataDrivenTestcase" time="57.388" errors="0" timestamp="2024-10-15T07:36:57 IST" skipped="0">
  <testcase classname="testCases.TC103_LoginDataDrivenTestcase" name="loginaAccountDataDrivenTest" time="3.025"/>
  <testcase classname="testCases.TC103_LoginDataDrivenTestcase" name="loginaAccountDataDrivenTest" time="23.150"/>
  <testcase classname="testCases.TC103_LoginDataDrivenTestcase" name="loginaAccountDataDrivenTest" time="4.750"/>
  <testcase classname="testCases.TC103_LoginDataDrivenTestcase" name="loginaAccountDataDrivenTest" time="4.103"/>
  <testcase classname="testCases.TC103_LoginDataDrivenTestcase" name="loginaAccountDataDrivenTest" time="22.360"/>
</testsuite> <!-- testCases.TC103_LoginDataDrivenTestcase -->
