<?xml version="1.0" encoding="UTF-8"?>
<!-- Generated by org.testng.reporters.JUnitReportReporter -->
<testsuite hostname="LAPTOP-C5C6MGTC" failures="0" tests="1" name="testCases.TC101_registerAccountTestCase" time="4.174" errors="0" timestamp="2024-10-15T07:42:34 IST" skipped="0">
  <testcase classname="testCases.TC101_registerAccountTestCase" name="registerTest" time="4.174"/>
</testsuite> <!-- testCases.TC101_registerAccountTestCase -->
