<?xml version="1.0" encoding="UTF-8"?>
<!-- Generated by org.testng.reporters.JUnitReportReporter -->
<testsuite hostname="LAPTOP-C5C6MGTC" failures="0" tests="1" name="testCases.TC102_loginAccountTestCase" time="3.418" errors="0" timestamp="2024-10-15T07:42:34 IST" skipped="0">
  <testcase classname="testCases.TC102_loginAccountTestCase" name="loginaAccountTest" time="3.418"/>
</testsuite> <!-- testCases.TC102_loginAccountTestCase -->
